00:49:51 **** Build of configuration Debug for project chw5_stringCommunication ****
make -j8 all 
Building file: ../startup/startup_stm32f446xx.s
Building file: ../src/main.c
Building file: ../src/stm32f4xx_it.c
Building file: ../src/syscalls.c
Building file: ../src/system_stm32f4xx.c
Invoking: MCU GCC Assembler
Invoking: MCU GCC Compiler
Invoking: MCU GCC Compiler
Building file: ../Utilities/STM32F4xx-Nucleo/stm32f4xx_nucleo.c
Invoking: MCU GCC Compiler
Invoking: MCU GCC Compiler
Building file: ../HAL_Driver/Src/Legacy/stm32f4xx_hal_can.c
D:\codes\CPL\workspace_CPL\chw5_stringCommunication\Debug
D:\codes\CPL\workspace_CPL\chw5_stringCommunication\Debug
D:\codes\CPL\workspace_CPL\chw5_stringCommunication\Debug
Invoking: MCU GCC Compiler
arm-none-eabi-as -mcpu=cortex-m4 -mthumb -mfloat-abi=hard -mfpu=fpv4-sp-d16 -I"D:/codes/CPL/workspace_CPL/chw5_stringCommunication/HAL_Driver/Inc/Legacy" -I"D:/codes/CPL/workspace_CPL/chw5_stringCommunication/Utilities/STM32F4xx-Nucleo" -I"D:/codes/CPL/workspace_CPL/chw5_stringCommunication/inc" -I"D:/codes/CPL/workspace_CPL/chw5_stringCommunication/CMSIS/device" -I"D:/codes/CPL/workspace_CPL/chw5_stringCommunication/CMSIS/core" -I"D:/codes/CPL/workspace_CPL/chw5_stringCommunication/HAL_Driver/Inc" -g -o "startup/startup_stm32f446xx.o" "../startup/startup_stm32f446xx.s"
D:\codes\CPL\workspace_CPL\chw5_stringCommunication\Debug
arm-none-eabi-gcc -mcpu=cortex-m4 -mthumb -mfloat-abi=hard -mfpu=fpv4-sp-d16 -DSTM32 -DSTM32F4 -DSTM32F446RETx -DNUCLEO_F446RE -DDEBUG -DSTM32F446xx -DUSE_HAL_DRIVER -I"D:/codes/CPL/workspace_CPL/chw5_stringCommunication/HAL_Driver/Inc/Legacy" -I"D:/codes/CPL/workspace_CPL/chw5_stringCommunication/Utilities/STM32F4xx-Nucleo" -I"D:/codes/CPL/workspace_CPL/chw5_stringCommunication/inc" -I"D:/codes/CPL/workspace_CPL/chw5_stringCommunication/CMSIS/device" -I"D:/codes/CPL/workspace_CPL/chw5_stringCommunication/CMSIS/core" -I"D:/codes/CPL/workspace_CPL/chw5_stringCommunication/HAL_Driver/Inc" -O0 -g3 -Wall -fmessage-length=0 -ffunction-sections -c -MMD -MP -MF"src/main.d" -MT"src/main.o" -o "src/main.o" "../src/main.c"
arm-none-eabi-gcc -mcpu=cortex-m4 -mthumb -mfloat-abi=hard -mfpu=fpv4-sp-d16 -DSTM32 -DSTM32F4 -DSTM32F446RETx -DNUCLEO_F446RE -DDEBUG -DSTM32F446xx -DUSE_HAL_DRIVER -I"D:/codes/CPL/workspace_CPL/chw5_stringCommunication/HAL_Driver/Inc/Legacy" -I"D:/codes/CPL/workspace_CPL/chw5_stringCommunication/Utilities/STM32F4xx-Nucleo" -I"D:/codes/CPL/workspace_CPL/chw5_stringCommunication/inc" -I"D:/codes/CPL/workspace_CPL/chw5_stringCommunication/CMSIS/device" -I"D:/codes/CPL/workspace_CPL/chw5_stringCommunication/CMSIS/core" -I"D:/codes/CPL/workspace_CPL/chw5_stringCommunication/HAL_Driver/Inc" -O0 -g3 -Wall -fmessage-length=0 -ffunction-sections -c -MMD -MP -MF"src/stm32f4xx_it.d" -MT"src/stm32f4xx_it.o" -o "src/stm32f4xx_it.o" "../src/stm32f4xx_it.c"
D:\codes\CPL\workspace_CPL\chw5_stringCommunication\Debug
Building file: ../HAL_Driver/Src/stm32f4xx_hal.c
arm-none-eabi-gcc -mcpu=cortex-m4 -mthumb -mfloat-abi=hard -mfpu=fpv4-sp-d16 -DSTM32 -DSTM32F4 -DSTM32F446RETx -DNUCLEO_F446RE -DDEBUG -DSTM32F446xx -DUSE_HAL_DRIVER -I"D:/codes/CPL/workspace_CPL/chw5_stringCommunication/HAL_Driver/Inc/Legacy" -I"D:/codes/CPL/workspace_CPL/chw5_stringCommunication/Utilities/STM32F4xx-Nucleo" -I"D:/codes/CPL/workspace_CPL/chw5_stringCommunication/inc" -I"D:/codes/CPL/workspace_CPL/chw5_stringCommunication/CMSIS/device" -I"D:/codes/CPL/workspace_CPL/chw5_stringCommunication/CMSIS/core" -I"D:/codes/CPL/workspace_CPL/chw5_stringCommunication/HAL_Driver/Inc" -O0 -g3 -Wall -fmessage-length=0 -ffunction-sections -c -MMD -MP -MF"src/syscalls.d" -MT"src/syscalls.o" -o "src/syscalls.o" "../src/syscalls.c"
Invoking: MCU GCC Compiler
arm-none-eabi-gcc -mcpu=cortex-m4 -mthumb -mfloat-abi=hard -mfpu=fpv4-sp-d16 -DSTM32 -DSTM32F4 -DSTM32F446RETx -DNUCLEO_F446RE -DDEBUG -DSTM32F446xx -DUSE_HAL_DRIVER -I"D:/codes/CPL/workspace_CPL/chw5_stringCommunication/HAL_Driver/Inc/Legacy" -I"D:/codes/CPL/workspace_CPL/chw5_stringCommunication/Utilities/STM32F4xx-Nucleo" -I"D:/codes/CPL/workspace_CPL/chw5_stringCommunication/inc" -I"D:/codes/CPL/workspace_CPL/chw5_stringCommunication/CMSIS/device" -I"D:/codes/CPL/workspace_CPL/chw5_stringCommunication/CMSIS/core" -I"D:/codes/CPL/workspace_CPL/chw5_stringCommunication/HAL_Driver/Inc" -O0 -g3 -Wall -fmessage-length=0 -ffunction-sections -c -MMD -MP -MF"src/system_stm32f4xx.d" -MT"src/system_stm32f4xx.o" -o "src/system_stm32f4xx.o" "../src/system_stm32f4xx.c"
D:\codes\CPL\workspace_CPL\chw5_stringCommunication\Debug
D:\codes\CPL\workspace_CPL\chw5_stringCommunication\Debug
arm-none-eabi-gcc -mcpu=cortex-m4 -mthumb -mfloat-abi=hard -mfpu=fpv4-sp-d16 -DSTM32 -DSTM32F4 -DSTM32F446RETx -DNUCLEO_F446RE -DDEBUG -DSTM32F446xx -DUSE_HAL_DRIVER -I"D:/codes/CPL/workspace_CPL/chw5_stringCommunication/HAL_Driver/Inc/Legacy" -I"D:/codes/CPL/workspace_CPL/chw5_stringCommunication/Utilities/STM32F4xx-Nucleo" -I"D:/codes/CPL/workspace_CPL/chw5_stringCommunication/inc" -I"D:/codes/CPL/workspace_CPL/chw5_stringCommunication/CMSIS/device" -I"D:/codes/CPL/workspace_CPL/chw5_stringCommunication/CMSIS/core" -I"D:/codes/CPL/workspace_CPL/chw5_stringCommunication/HAL_Driver/Inc" -O0 -g3 -Wall -fmessage-length=0 -ffunction-sections -c -MMD -MP -MF"Utilities/STM32F4xx-Nucleo/stm32f4xx_nucleo.d" -MT"Utilities/STM32F4xx-Nucleo/stm32f4xx_nucleo.o" -o "Utilities/STM32F4xx-Nucleo/stm32f4xx_nucleo.o" "../Utilities/STM32F4xx-Nucleo/stm32f4xx_nucleo.c"
Invoking: MCU GCC Compiler
arm-none-eabi-gcc -mcpu=cortex-m4 -mthumb -mfloat-abi=hard -mfpu=fpv4-sp-d16 -DSTM32 -DSTM32F4 -DSTM32F446RETx -DNUCLEO_F446RE -DDEBUG -DSTM32F446xx -DUSE_HAL_DRIVER -I"D:/codes/CPL/workspace_CPL/chw5_stringCommunication/HAL_Driver/Inc/Legacy" -I"D:/codes/CPL/workspace_CPL/chw5_stringCommunication/Utilities/STM32F4xx-Nucleo" -I"D:/codes/CPL/workspace_CPL/chw5_stringCommunication/inc" -I"D:/codes/CPL/workspace_CPL/chw5_stringCommunication/CMSIS/device" -I"D:/codes/CPL/workspace_CPL/chw5_stringCommunication/CMSIS/core" -I"D:/codes/CPL/workspace_CPL/chw5_stringCommunication/HAL_Driver/Inc" -O0 -g3 -Wall -fmessage-length=0 -ffunction-sections -c -MMD -MP -MF"HAL_Driver/Src/Legacy/stm32f4xx_hal_can.d" -MT"HAL_Driver/Src/Legacy/stm32f4xx_hal_can.o" -o "HAL_Driver/Src/Legacy/stm32f4xx_hal_can.o" "../HAL_Driver/Src/Legacy/stm32f4xx_hal_can.c"
D:\codes\CPL\workspace_CPL\chw5_stringCommunication\Debug
arm-none-eabi-gcc -mcpu=cortex-m4 -mthumb -mfloat-abi=hard -mfpu=fpv4-sp-d16 -DSTM32 -DSTM32F4 -DSTM32F446RETx -DNUCLEO_F446RE -DDEBUG -DSTM32F446xx -DUSE_HAL_DRIVER -I"D:/codes/CPL/workspace_CPL/chw5_stringCommunication/HAL_Driver/Inc/Legacy" -I"D:/codes/CPL/workspace_CPL/chw5_stringCommunication/Utilities/STM32F4xx-Nucleo" -I"D:/codes/CPL/workspace_CPL/chw5_stringCommunication/inc" -I"D:/codes/CPL/workspace_CPL/chw5_stringCommunication/CMSIS/device" -I"D:/codes/CPL/workspace_CPL/chw5_stringCommunication/CMSIS/core" -I"D:/codes/CPL/workspace_CPL/chw5_stringCommunication/HAL_Driver/Inc" -O0 -g3 -Wall -fmessage-length=0 -ffunction-sections -c -MMD -MP -MF"HAL_Driver/Src/stm32f4xx_hal.d" -MT"HAL_Driver/Src/stm32f4xx_hal.o" -o "HAL_Driver/Src/stm32f4xx_hal.o" "../HAL_Driver/Src/stm32f4xx_hal.c"
Finished building: ../startup/startup_stm32f446xx.s
 
Building file: ../HAL_Driver/Src/stm32f4xx_hal_adc.c
Invoking: MCU GCC Compiler
D:\codes\CPL\workspace_CPL\chw5_stringCommunication\Debug
../src/main.c: In function 'RCC_Configuration':
../src/main.c:27:3: warning: implicit declaration of function 'RCC_APB1PeriphClockCmd' [-Wimplicit-function-declaration]
   RCC_APB1PeriphClockCmd(RCC_APB1Periph_USART2, ENABLE);
   ^~~~~~~~~~~~~~~~~~~~~~
arm-none-eabi-gcc -mcpu=cortex-m4 -mthumb -mfloat-abi=hard -mfpu=fpv4-sp-d16 -DSTM32 -DSTM32F4 -DSTM32F446RETx -DNUCLEO_F446RE -DDEBUG -DSTM32F446xx -DUSE_HAL_DRIVER -I"D:/codes/CPL/workspace_CPL/chw5_stringCommunication/HAL_Driver/Inc/Legacy" -I"D:/codes/CPL/workspace_CPL/chw5_stringCommunication/Utilities/STM32F4xx-Nucleo" -I"D:/codes/CPL/workspace_CPL/chw5_stringCommunication/inc" -I"D:/codes/CPL/workspace_CPL/chw5_stringCommunication/CMSIS/device" -I"D:/codes/CPL/workspace_CPL/chw5_stringCommunication/CMSIS/core" -I"D:/codes/CPL/workspace_CPL/chw5_stringCommunication/HAL_Driver/Inc" -O0 -g3 -Wall -fmessage-length=0 -ffunction-sections -c -MMD -MP -MF"HAL_Driver/Src/stm32f4xx_hal_adc.d" -MT"HAL_Driver/Src/stm32f4xx_hal_adc.o" -o "HAL_Driver/Src/stm32f4xx_hal_adc.o" "../HAL_Driver/Src/stm32f4xx_hal_adc.c"
../src/main.c:27:26: error: 'RCC_APB1Periph_USART2' undeclared (first use in this function); did you mean 'RCC_APB1ENR_USART2EN'?
   RCC_APB1PeriphClockCmd(RCC_APB1Periph_USART2, ENABLE);
                          ^~~~~~~~~~~~~~~~~~~~~
                          RCC_APB1ENR_USART2EN
../src/main.c:27:26: note: each undeclared identifier is reported only once for each function it appears in
../src/main.c:30:3: warning: implicit declaration of function 'RCC_AHB1PeriphClockCmd' [-Wimplicit-function-declaration]
   RCC_AHB1PeriphClockCmd(RCC_AHB1Periph_GPIOA, ENABLE);
   ^~~~~~~~~~~~~~~~~~~~~~
Finished building: ../src/syscalls.c
../src/main.c:30:26: error: 'RCC_AHB1Periph_GPIOA' undeclared (first use in this function); did you mean 'RCC_APB1Periph_USART2'?
   RCC_AHB1PeriphClockCmd(RCC_AHB1Periph_GPIOA, ENABLE);
                          ^~~~~~~~~~~~~~~~~~~~
                          RCC_APB1Periph_USART2
../src/main.c:33:27: error: 'RCC_AHB1Periph_GPIOC' undeclared (first use in this function); did you mean 'RCC_AHB1Periph_GPIOA'?
   RCC_AHB1PeriphClockCmd( RCC_AHB1Periph_GPIOC, ENABLE );
                           ^~~~~~~~~~~~~~~~~~~~
                           RCC_AHB1Periph_GPIOA
../src/main.c: In function 'GPIO_Configuration':
../src/main.c:46:21: error: 'GPIO_InitTypeDef {aka struct <anonymous>}' has no member named 'GPIO_Pin'
   GPIO_InitStructure.GPIO_Pin = GPIO_Pin_2 | GPIO_Pin_3; // PA.2 USART2_TX, PA.3 USART2_RX
                     ^
../src/main.c:46:33: error: 'GPIO_Pin_2' undeclared (first use in this function); did you mean 'GPIO_PIN_2'?
   GPIO_InitStructure.GPIO_Pin = GPIO_Pin_2 | GPIO_Pin_3; // PA.2 USART2_TX, PA.3 USART2_RX
                                 ^~~~~~~~~~
                                 GPIO_PIN_2
../src/main.c:46:46: error: 'GPIO_Pin_3' undeclared (first use in this function); did you mean 'GPIO_Pin_2'?
   GPIO_InitStructure.GPIO_Pin = GPIO_Pin_2 | GPIO_Pin_3; // PA.2 USART2_TX, PA.3 USART2_RX
                                              ^~~~~~~~~~
                                              GPIO_Pin_2
../src/main.c:47:21: error: 'GPIO_InitTypeDef {aka struct <anonymous>}' has no member named 'GPIO_Mode'
   GPIO_InitStructure.GPIO_Mode = GPIO_Mode_AF;
                     ^
../src/main.c:47:34: error: 'GPIO_Mode_AF' undeclared (first use in this function); did you mean 'GPIO_Pin_3'?
   GPIO_InitStructure.GPIO_Mode = GPIO_Mode_AF;
                                  ^~~~~~~~~~~~
                                  GPIO_Pin_3
../src/main.c:48:21: error: 'GPIO_InitTypeDef {aka struct <anonymous>}' has no member named 'GPIO_OType'
   GPIO_InitStructure.GPIO_OType = GPIO_OType_PP;
                     ^
../src/main.c:48:35: error: 'GPIO_OType_PP' undeclared (first use in this function); did you mean 'GPIO_TypeDef'?
   GPIO_InitStructure.GPIO_OType = GPIO_OType_PP;
                                   ^~~~~~~~~~~~~
                                   GPIO_TypeDef
../src/main.c:49:21: error: 'GPIO_InitTypeDef {aka struct <anonymous>}' has no member named 'GPIO_PuPd'
   GPIO_InitStructure.GPIO_PuPd = GPIO_PuPd_NOPULL;
                     ^
 
../src/main.c:49:34: error: 'GPIO_PuPd_NOPULL' undeclared (first use in this function); did you mean 'GPIO_NOPULL'?
   GPIO_InitStructure.GPIO_PuPd = GPIO_PuPd_NOPULL;
                                  ^~~~~~~~~~~~~~~~
                                  GPIO_NOPULL
../src/main.c:50:22: error: 'GPIO_InitTypeDef {aka struct <anonymous>}' has no member named 'GPIO_Speed'; did you mean 'Speed'?
   GPIO_InitStructure.GPIO_Speed = GPIO_Speed_2MHz;
                      ^~~~~~~~~~
                      Speed
Building file: ../HAL_Driver/Src/stm32f4xx_hal_adc_ex.c
../src/main.c:50:35: error: 'GPIO_Speed_2MHz' undeclared (first use in this function)
   GPIO_InitStructure.GPIO_Speed = GPIO_Speed_2MHz;
                                   ^~~~~~~~~~~~~~~
../src/main.c:51:3: warning: implicit declaration of function 'GPIO_Init'; did you mean 'SDIO_Init'? [-Wimplicit-function-declaration]
   GPIO_Init(GPIOA, &GPIO_InitStructure);
   ^~~~~~~~~
   SDIO_Init
Invoking: MCU GCC Compiler
../src/main.c:54:3: warning: implicit declaration of function 'GPIO_PinAFConfig' [-Wimplicit-function-declaration]
   GPIO_PinAFConfig(GPIOA, GPIO_PinSource2, GPIO_AF_USART2);
   ^~~~~~~~~~~~~~~~
D:\codes\CPL\workspace_CPL\chw5_stringCommunication\Debug
arm-none-eabi-gcc -mcpu=cortex-m4 -mthumb -mfloat-abi=hard -mfpu=fpv4-sp-d16 -DSTM32 -DSTM32F4 -DSTM32F446RETx -DNUCLEO_F446RE -DDEBUG -DSTM32F446xx -DUSE_HAL_DRIVER -I"D:/codes/CPL/workspace_CPL/chw5_stringCommunication/HAL_Driver/Inc/Legacy" -I"D:/codes/CPL/workspace_CPL/chw5_stringCommunication/Utilities/STM32F4xx-Nucleo" -I"D:/codes/CPL/workspace_CPL/chw5_stringCommunication/inc" -I"D:/codes/CPL/workspace_CPL/chw5_stringCommunication/CMSIS/device" -I"D:/codes/CPL/workspace_CPL/chw5_stringCommunication/CMSIS/core" -I"D:/codes/CPL/workspace_CPL/chw5_stringCommunication/HAL_Driver/Inc" -O0 -g3 -Wall -fmessage-length=0 -ffunction-sections -c -MMD -MP -MF"HAL_Driver/Src/stm32f4xx_hal_adc_ex.d" -MT"HAL_Driver/Src/stm32f4xx_hal_adc_ex.o" -o "HAL_Driver/Src/stm32f4xx_hal_adc_ex.o" "../HAL_Driver/Src/stm32f4xx_hal_adc_ex.c"
../src/main.c:54:27: error: 'GPIO_PinSource2' undeclared (first use in this function); did you mean 'GPIO_PinState'?
   GPIO_PinAFConfig(GPIOA, GPIO_PinSource2, GPIO_AF_USART2);
                           ^~~~~~~~~~~~~~~
                           GPIO_PinState
../src/main.c:54:44: error: 'GPIO_AF_USART2' undeclared (first use in this function); did you mean 'GPIO_AF7_USART2'?
   GPIO_PinAFConfig(GPIOA, GPIO_PinSource2, GPIO_AF_USART2);
                                            ^~~~~~~~~~~~~~
                                            GPIO_AF7_USART2
../src/main.c:55:27: error: 'GPIO_PinSource3' undeclared (first use in this function); did you mean 'GPIO_PinSource2'?
   GPIO_PinAFConfig(GPIOA, GPIO_PinSource3, GPIO_AF_USART2);
                           ^~~~~~~~~~~~~~~
                           GPIO_PinSource2
../src/main.c:58:21: error: 'GPIO_InitTypeDef {aka struct <anonymous>}' has no member named 'GPIO_Pin'
   GPIO_InitStructure.GPIO_Pin         = GPIO_Pin_5;
                     ^
../src/main.c:58:41: error: 'GPIO_Pin_5' undeclared (first use in this function); did you mean 'GPIO_Pin_3'?
   GPIO_InitStructure.GPIO_Pin         = GPIO_Pin_5;
                                         ^~~~~~~~~~
                                         GPIO_Pin_3
../src/main.c:59:21: error: 'GPIO_InitTypeDef {aka struct <anonymous>}' has no member named 'GPIO_Mode'
   GPIO_InitStructure.GPIO_Mode        = GPIO_Mode_OUT;
                     ^
../src/main.c:59:41: error: 'GPIO_Mode_OUT' undeclared (first use in this function); did you mean 'GPIO_Mode_AF'?
   GPIO_InitStructure.GPIO_Mode        = GPIO_Mode_OUT;
                                         ^~~~~~~~~~~~~
                                         GPIO_Mode_AF
../src/main.c:60:21: error: 'GPIO_InitTypeDef {aka struct <anonymous>}' has no member named 'GPIO_OType'
   GPIO_InitStructure.GPIO_OType       = GPIO_OType_PP;
                     ^
../src/main.c:61:22: error: 'GPIO_InitTypeDef {aka struct <anonymous>}' has no member named 'GPIO_Speed'; did you mean 'Speed'?
   GPIO_InitStructure.GPIO_Speed       = GPIO_Speed_50MHz;
                      ^~~~~~~~~~
                      Speed
../src/main.c:61:41: error: 'GPIO_Speed_50MHz' undeclared (first use in this function); did you mean 'GPIO_Speed_2MHz'?
   GPIO_InitStructure.GPIO_Speed       = GPIO_Speed_50MHz;
                                         ^~~~~~~~~~~~~~~~
                                         GPIO_Speed_2MHz
../src/main.c:62:21: error: 'GPIO_InitTypeDef {aka struct <anonymous>}' has no member named 'GPIO_PuPd'
   GPIO_InitStructure.GPIO_PuPd        = GPIO_PuPd_UP;
                     ^
../src/main.c:62:41: error: 'GPIO_PuPd_UP' undeclared (first use in this function); did you mean 'GPIO_PULLUP'?
   GPIO_InitStructure.GPIO_PuPd        = GPIO_PuPd_UP;
                                         ^~~~~~~~~~~~
                                         GPIO_PULLUP
../src/main.c:67:21: error: 'GPIO_InitTypeDef {aka struct <anonymous>}' has no member named 'GPIO_Pin'
   GPIO_InitStructure.GPIO_Pin         = GPIO_Pin_13;
                     ^
../src/main.c:67:41: error: 'GPIO_Pin_13' undeclared (first use in this function); did you mean 'GPIO_Pin_3'?
   GPIO_InitStructure.GPIO_Pin         = GPIO_Pin_13;
                                         ^~~~~~~~~~~
                                         GPIO_Pin_3
../src/main.c:68:21: error: 'GPIO_InitTypeDef {aka struct <anonymous>}' has no member named 'GPIO_Mode'
   GPIO_InitStructure.GPIO_Mode        = GPIO_Mode_IN;
                     ^
../src/main.c:68:41: error: 'GPIO_Mode_IN' undeclared (first use in this function); did you mean 'GPIO_Mode_AF'?
   GPIO_InitStructure.GPIO_Mode        = GPIO_Mode_IN;
                                         ^~~~~~~~~~~~
                                         GPIO_Mode_AF
../src/main.c:69:21: error: 'GPIO_InitTypeDef {aka struct <anonymous>}' has no member named 'GPIO_OType'
   GPIO_InitStructure.GPIO_OType       = GPIO_OType_PP;
                     ^
../src/main.c:70:22: error: 'GPIO_InitTypeDef {aka struct <anonymous>}' has no member named 'GPIO_Speed'; did you mean 'Speed'?
   GPIO_InitStructure.GPIO_Speed       = GPIO_Speed_50MHz;
                      ^~~~~~~~~~
                      Speed
../src/main.c:71:21: error: 'GPIO_InitTypeDef {aka struct <anonymous>}' has no member named 'GPIO_PuPd'
   GPIO_InitStructure.GPIO_PuPd        = GPIO_PuPd_UP;
                     ^
../src/main.c: In function 'USART2_Configuration':
../src/main.c:92:23: error: 'USART_InitTypeDef {aka struct <anonymous>}' has no member named 'USART_BaudRate'; did you mean 'BaudRate'?
   USART_InitStructure.USART_BaudRate  = (9600);
                       ^~~~~~~~~~~~~~
                       BaudRate
../src/main.c:93:23: error: 'USART_InitTypeDef {aka struct <anonymous>}' has no member named 'USART_WordLength'; did you mean 'WordLength'?
   USART_InitStructure.USART_WordLength  = USART_WordLength_8b;
                       ^~~~~~~~~~~~~~~~
                       WordLength
../src/main.c:93:43: error: 'USART_WordLength_8b' undeclared (first use in this function); did you mean 'USART_WORDLENGTH_8B'?
   USART_InitStructure.USART_WordLength  = USART_WordLength_8b;
                                           ^~~~~~~~~~~~~~~~~~~
                                           USART_WORDLENGTH_8B
../src/main.c:94:23: error: 'USART_InitTypeDef {aka struct <anonymous>}' has no member named 'USART_StopBits'; did you mean 'StopBits'?
   USART_InitStructure.USART_StopBits  = USART_StopBits_1;
                       ^~~~~~~~~~~~~~
                       StopBits
Finished building: ../src/system_stm32f4xx.c
 
Finished building: ../src/stm32f4xx_it.c
../src/main.c:94:41: error: 'USART_StopBits_1' undeclared (first use in this function); did you mean 'USART_STOPBITS_1'?
   USART_InitStructure.USART_StopBits  = USART_StopBits_1;
                                         ^~~~~~~~~~~~~~~~
                                         USART_STOPBITS_1
../src/main.c:95:23: error: 'USART_InitTypeDef {aka struct <anonymous>}' has no member named 'USART_Parity'; did you mean 'Parity'?
   USART_InitStructure.USART_Parity   = USART_Parity_No;
                       ^~~~~~~~~~~~
                       Parity
Building file: ../HAL_Driver/Src/stm32f4xx_hal_can.c
 
Finished building: ../Utilities/STM32F4xx-Nucleo/stm32f4xx_nucleo.c
../src/main.c:95:40: error: 'USART_Parity_No' undeclared (first use in this function); did you mean 'USART_SR_NE'?
   USART_InitStructure.USART_Parity   = USART_Parity_No;
                                        ^~~~~~~~~~~~~~~
                                        USART_SR_NE
../src/main.c:96:22: error: 'USART_InitTypeDef {aka struct <anonymous>}' has no member named 'USART_HardwareFlowControl'
   USART_InitStructure.USART_HardwareFlowControl = USART_HardwareFlowControl_None;
                      ^
Finished building: ../HAL_Driver/Src/Legacy/stm32f4xx_hal_can.c
Finished building: ../HAL_Driver/Src/stm32f4xx_hal.c
Invoking: MCU GCC Compiler
Building file: ../HAL_Driver/Src/stm32f4xx_hal_cec.c
 
 
 
D:\codes\CPL\workspace_CPL\chw5_stringCommunication\Debug
Invoking: MCU GCC Compiler
Building file: ../HAL_Driver/Src/stm32f4xx_hal_cortex.c
Building file: ../HAL_Driver/Src/stm32f4xx_hal_crc.c
arm-none-eabi-gcc -mcpu=cortex-m4 -mthumb -mfloat-abi=hard -mfpu=fpv4-sp-d16 -DSTM32 -DSTM32F4 -DSTM32F446RETx -DNUCLEO_F446RE -DDEBUG -DSTM32F446xx -DUSE_HAL_DRIVER -I"D:/codes/CPL/workspace_CPL/chw5_stringCommunication/HAL_Driver/Inc/Legacy" -I"D:/codes/CPL/workspace_CPL/chw5_stringCommunication/Utilities/STM32F4xx-Nucleo" -I"D:/codes/CPL/workspace_CPL/chw5_stringCommunication/inc" -I"D:/codes/CPL/workspace_CPL/chw5_stringCommunication/CMSIS/device" -I"D:/codes/CPL/workspace_CPL/chw5_stringCommunication/CMSIS/core" -I"D:/codes/CPL/workspace_CPL/chw5_stringCommunication/HAL_Driver/Inc" -O0 -g3 -Wall -fmessage-length=0 -ffunction-sections -c -MMD -MP -MF"HAL_Driver/Src/stm32f4xx_hal_can.d" -MT"HAL_Driver/Src/stm32f4xx_hal_can.o" -o "HAL_Driver/Src/stm32f4xx_hal_can.o" "../HAL_Driver/Src/stm32f4xx_hal_can.c"
../src/main.c:96:51: error: 'USART_HardwareFlowControl_None' undeclared (first use in this function)
   USART_InitStructure.USART_HardwareFlowControl = USART_HardwareFlowControl_None;
Building file: ../HAL_Driver/Src/stm32f4xx_hal_cryp.c
                                                   ^~~~~~~~~~~~~~~~~~~~~~~~~~~~~~
../src/main.c:98:22: error: 'USART_InitTypeDef {aka struct <anonymous>}' has no member named 'USART_Mode'
   USART_InitStructure.USART_Mode   = USART_Mode_Rx | USART_Mode_Tx;
                      ^
D:\codes\CPL\workspace_CPL\chw5_stringCommunication\Debug
arm-none-eabi-gcc -mcpu=cortex-m4 -mthumb -mfloat-abi=hard -mfpu=fpv4-sp-d16 -DSTM32 -DSTM32F4 -DSTM32F446RETx -DNUCLEO_F446RE -DDEBUG -DSTM32F446xx -DUSE_HAL_DRIVER -I"D:/codes/CPL/workspace_CPL/chw5_stringCommunication/HAL_Driver/Inc/Legacy" -I"D:/codes/CPL/workspace_CPL/chw5_stringCommunication/Utilities/STM32F4xx-Nucleo" -I"D:/codes/CPL/workspace_CPL/chw5_stringCommunication/inc" -I"D:/codes/CPL/workspace_CPL/chw5_stringCommunication/CMSIS/device" -I"D:/codes/CPL/workspace_CPL/chw5_stringCommunication/CMSIS/core" -I"D:/codes/CPL/workspace_CPL/chw5_stringCommunication/HAL_Driver/Inc" -O0 -g3 -Wall -fmessage-length=0 -ffunction-sections -c -MMD -MP -MF"HAL_Driver/Src/stm32f4xx_hal_cec.d" -MT"HAL_Driver/Src/stm32f4xx_hal_cec.o" -o "HAL_Driver/Src/stm32f4xx_hal_cec.o" "../HAL_Driver/Src/stm32f4xx_hal_cec.c"
Invoking: MCU GCC Compiler
../src/main.c:98:38: error: 'USART_Mode_Rx' undeclared (first use in this function); did you mean 'USART_MODE_RX'?
   USART_InitStructure.USART_Mode   = USART_Mode_Rx | USART_Mode_Tx;
                                      ^~~~~~~~~~~~~
                                      USART_MODE_RX
../src/main.c:98:54: error: 'USART_Mode_Tx' undeclared (first use in this function); did you mean 'USART_Mode_Rx'?
   USART_InitStructure.USART_Mode   = USART_Mode_Rx | USART_Mode_Tx;
                                                      ^~~~~~~~~~~~~
                                                      USART_Mode_Rx
Invoking: MCU GCC Compiler
../src/main.c:100:3: warning: implicit declaration of function 'USART_Init'; did you mean 'HAL_Init'? [-Wimplicit-function-declaration]
   USART_Init(USART2, &USART_InitStructure);
   ^~~~~~~~~~
   HAL_Init
../src/main.c:102:3: warning: implicit declaration of function 'USART_Cmd'; did you mean 'USART_DIV'? [-Wimplicit-function-declaration]
   USART_Cmd(USART2, ENABLE);
   ^~~~~~~~~
   USART_DIV
Invoking: MCU GCC Compiler
D:\codes\CPL\workspace_CPL\chw5_stringCommunication\Debug
D:\codes\CPL\workspace_CPL\chw5_stringCommunication\Debug
D:\codes\CPL\workspace_CPL\chw5_stringCommunication\Debug
arm-none-eabi-gcc -mcpu=cortex-m4 -mthumb -mfloat-abi=hard -mfpu=fpv4-sp-d16 -DSTM32 -DSTM32F4 -DSTM32F446RETx -DNUCLEO_F446RE -DDEBUG -DSTM32F446xx -DUSE_HAL_DRIVER -I"D:/codes/CPL/workspace_CPL/chw5_stringCommunication/HAL_Driver/Inc/Legacy" -I"D:/codes/CPL/workspace_CPL/chw5_stringCommunication/Utilities/STM32F4xx-Nucleo" -I"D:/codes/CPL/workspace_CPL/chw5_stringCommunication/inc" -I"D:/codes/CPL/workspace_CPL/chw5_stringCommunication/CMSIS/device" -I"D:/codes/CPL/workspace_CPL/chw5_stringCommunication/CMSIS/core" -I"D:/codes/CPL/workspace_CPL/chw5_stringCommunication/HAL_Driver/Inc" -O0 -g3 -Wall -fmessage-length=0 -ffunction-sections -c -MMD -MP -MF"HAL_Driver/Src/stm32f4xx_hal_cortex.d" -MT"HAL_Driver/Src/stm32f4xx_hal_cortex.o" -o "HAL_Driver/Src/stm32f4xx_hal_cortex.o" "../HAL_Driver/Src/stm32f4xx_hal_cortex.c"
arm-none-eabi-gcc -mcpu=cortex-m4 -mthumb -mfloat-abi=hard -mfpu=fpv4-sp-d16 -DSTM32 -DSTM32F4 -DSTM32F446RETx -DNUCLEO_F446RE -DDEBUG -DSTM32F446xx -DUSE_HAL_DRIVER -I"D:/codes/CPL/workspace_CPL/chw5_stringCommunication/HAL_Driver/Inc/Legacy" -I"D:/codes/CPL/workspace_CPL/chw5_stringCommunication/Utilities/STM32F4xx-Nucleo" -I"D:/codes/CPL/workspace_CPL/chw5_stringCommunication/inc" -I"D:/codes/CPL/workspace_CPL/chw5_stringCommunication/CMSIS/device" -I"D:/codes/CPL/workspace_CPL/chw5_stringCommunication/CMSIS/core" -I"D:/codes/CPL/workspace_CPL/chw5_stringCommunication/HAL_Driver/Inc" -O0 -g3 -Wall -fmessage-length=0 -ffunction-sections -c -MMD -MP -MF"HAL_Driver/Src/stm32f4xx_hal_crc.d" -MT"HAL_Driver/Src/stm32f4xx_hal_crc.o" -o "HAL_Driver/Src/stm32f4xx_hal_crc.o" "../HAL_Driver/Src/stm32f4xx_hal_crc.c"
../src/main.c: In function 'OutString':
../src/main.c:117:9: warning: implicit declaration of function 'USART_GetFlagStatus' [-Wimplicit-function-declaration]
   while(USART_GetFlagStatus(USART2, USART_FLAG_TXE) == RESET);
         ^~~~~~~~~~~~~~~~~~~
arm-none-eabi-gcc -mcpu=cortex-m4 -mthumb -mfloat-abi=hard -mfpu=fpv4-sp-d16 -DSTM32 -DSTM32F4 -DSTM32F446RETx -DNUCLEO_F446RE -DDEBUG -DSTM32F446xx -DUSE_HAL_DRIVER -I"D:/codes/CPL/workspace_CPL/chw5_stringCommunication/HAL_Driver/Inc/Legacy" -I"D:/codes/CPL/workspace_CPL/chw5_stringCommunication/Utilities/STM32F4xx-Nucleo" -I"D:/codes/CPL/workspace_CPL/chw5_stringCommunication/inc" -I"D:/codes/CPL/workspace_CPL/chw5_stringCommunication/CMSIS/device" -I"D:/codes/CPL/workspace_CPL/chw5_stringCommunication/CMSIS/core" -I"D:/codes/CPL/workspace_CPL/chw5_stringCommunication/HAL_Driver/Inc" -O0 -g3 -Wall -fmessage-length=0 -ffunction-sections -c -MMD -MP -MF"HAL_Driver/Src/stm32f4xx_hal_cryp.d" -MT"HAL_Driver/Src/stm32f4xx_hal_cryp.o" -o "HAL_Driver/Src/stm32f4xx_hal_cryp.o" "../HAL_Driver/Src/stm32f4xx_hal_cryp.c"
../src/main.c:119:3: warning: implicit declaration of function 'USART_SendData'; did you mean 'USART_SR_IDLE'? [-Wimplicit-function-declaration]
   USART_SendData(USART2, *s++);
   ^~~~~~~~~~~~~~
   USART_SR_IDLE
../src/main.c: In function 'main':
../src/main.c:177:16: warning: implicit declaration of function 'USART_ReceiveData'; did you mean 'HAL_USART_Receive_DMA'? [-Wimplicit-function-declaration]
    userInput = USART_ReceiveData(USART2); // Collect Char
                ^~~~~~~~~~~~~~~~~
                HAL_USART_Receive_DMA
../src/main.c:191:5: warning: implicit declaration of function 'GPIO_SetBits' [-Wimplicit-function-declaration]
     GPIO_SetBits(GPIOA, GPIO_Pin_5);
     ^~~~~~~~~~~~
../src/main.c:191:25: error: 'GPIO_Pin_5' undeclared (first use in this function); did you mean 'GPIO_PIN_5'?
     GPIO_SetBits(GPIOA, GPIO_Pin_5);
                         ^~~~~~~~~~
                         GPIO_PIN_5
../src/main.c:194:5: warning: implicit declaration of function 'GPIO_ResetBits' [-Wimplicit-function-declaration]
     GPIO_ResetBits(GPIOA, GPIO_Pin_5);
     ^~~~~~~~~~~~~~
../src/main.c:210:17: warning: implicit declaration of function 'GPIO_ReadInputDataBit' [-Wimplicit-function-declaration]
   buttonState = GPIO_ReadInputDataBit( GPIOC, GPIO_Pin_13 );
                 ^~~~~~~~~~~~~~~~~~~~~
../src/main.c:210:47: error: 'GPIO_Pin_13' undeclared (first use in this function); did you mean 'GPIO_Pin_5'?
   buttonState = GPIO_ReadInputDataBit( GPIOC, GPIO_Pin_13 );
                                               ^~~~~~~~~~~
                                               GPIO_Pin_5
../src/main.c:214:5: warning: implicit declaration of function 'GPIO_ToggleBits'; did you mean 'HAL_GPIO_TogglePin'? [-Wimplicit-function-declaration]
     GPIO_ToggleBits( GPIOA, GPIO_Pin_5 );
     ^~~~~~~~~~~~~~~
     HAL_GPIO_TogglePin
Finished building: ../HAL_Driver/Src/stm32f4xx_hal_adc.c
 
make: *** [src/main.o] Error 1
src/subdir.mk:27: recipe for target 'src/main.o' failed
make: *** Waiting for unfinished jobs....
Finished building: ../HAL_Driver/Src/stm32f4xx_hal_adc_ex.c
 
Finished building: ../HAL_Driver/Src/stm32f4xx_hal_cec.c
 
Finished building: ../HAL_Driver/Src/stm32f4xx_hal_cryp.c
 
Finished building: ../HAL_Driver/Src/stm32f4xx_hal_can.c
Finished building: ../HAL_Driver/Src/stm32f4xx_hal_crc.c
 
 
Finished building: ../HAL_Driver/Src/stm32f4xx_hal_cortex.c
 

00:49:54 Build Finished (took 2s.671ms)

