


ARM Macro Assembler    Page 1 


    1 00000000         ;/******************************************************
                       ***********************/
    2 00000000         ;/* STM32F10x.s: Startup file for ST STM32F10x device se
                       ries                  */
    3 00000000         ;/******************************************************
                       ***********************/
    4 00000000         ;/* <<< Use Configuration Wizard in Context Menu >>>    
                                             */
    5 00000000         ;/******************************************************
                       ***********************/
    6 00000000         ;/* This file is part of the uVision/ARM development too
                       ls.                   */
    7 00000000         ;/* Copyright (c) 2005-2007 Keil Software. All rights re
                       served.               */
    8 00000000         ;/* This software may only be used under the terms of a 
                       valid, current,       */
    9 00000000         ;/* end user licence from KEIL for a compatible version 
                       of KEIL software      */
   10 00000000         ;/* development tools. Nothing else gives you the right 
                       to use this software. */
   11 00000000         ;/******************************************************
                       ***********************/
   12 00000000         
   13 00000000         
   14 00000000         ;// <h> Stack Configuration
   15 00000000         ;//   <o> Stack Size (in Bytes) <0x0-0xFFFFFFFF:8>
   16 00000000         ;// </h>
   17 00000000         
   18 00000000 00000200 
                       Stack_Size
                               EQU              0x00000200
   19 00000000         
   20 00000000                 AREA             STACK, NOINIT, READWRITE, ALIGN
=3
   21 00000000         Stack_Mem
                               SPACE            Stack_Size
   22 00000200         __initial_sp
   23 00000200         
   24 00000200         
   25 00000200         ;// <h> Heap Configuration
   26 00000200         ;//   <o>  Heap Size (in Bytes) <0x0-0xFFFFFFFF:8>
   27 00000200         ;// </h>
   28 00000200         
   29 00000200 00000000 
                       Heap_Size
                               EQU              0x00000000
   30 00000200         
   31 00000200                 AREA             HEAP, NOINIT, READWRITE, ALIGN=
3
   32 00000000         __heap_base
   33 00000000         Heap_Mem
                               SPACE            Heap_Size
   34 00000000         __heap_limit
   35 00000000         
   36 00000000         
   37 00000000                 PRESERVE8
   38 00000000                 THUMB
   39 00000000         
   40 00000000         



ARM Macro Assembler    Page 2 


   41 00000000         ; Vector Table Mapped to Address 0 at Reset
   42 00000000         
   43 00000000                 AREA             RESET, DATA, READONLY
   44 00000000                 EXPORT           __Vectors
   45 00000000         
   46 00000000 00000000 
                       __Vectors
                               DCD              __initial_sp ; Top of Stack
   47 00000004 00000000        DCD              Reset_Handler ; Reset Handler
   48 00000008 00000000        DCD              NMI_Handler ; NMI Handler
   49 0000000C 00000000        DCD              HardFault_Handler ; Hard Fault 
                                                            Handler
   50 00000010 00000000        DCD              MemManage_Handler 
                                                            ; MPU Fault Handler
                                                            
   51 00000014 00000000        DCD              BusFault_Handler 
                                                            ; Bus Fault Handler
                                                            
   52 00000018 00000000        DCD              UsageFault_Handler ; Usage Faul
                                                            t Handler
   53 0000001C 00000000        DCD              0           ; Reserved
   54 00000020 00000000        DCD              0           ; Reserved
   55 00000024 00000000        DCD              0           ; Reserved
   56 00000028 00000000        DCD              0           ; Reserved
   57 0000002C 00000000        DCD              SVC_Handler ; SVCall Handler
   58 00000030 00000000        DCD              DebugMon_Handler ; Debug Monito
                                                            r Handler
   59 00000034 00000000        DCD              0           ; Reserved
   60 00000038 00000000        DCD              PendSV_Handler ; PendSV Handler
                                                            
   61 0000003C 00000000        DCD              SysTick_Handler 
                                                            ; SysTick Handler
   62 00000040         
   63 00000040         ; External Interrupts
   64 00000040 00000000        DCD              WWDG_IRQHandler 
                                                            ; Window Watchdog
   65 00000044 00000000        DCD              PVD_IRQHandler ; PVD through EX
                                                            TI Line detect
   66 00000048 00000000        DCD              TAMPER_IRQHandler ; Tamper
   67 0000004C 00000000        DCD              RTC_IRQHandler ; RTC
   68 00000050 00000000        DCD              FLASH_IRQHandler ; Flash
   69 00000054 00000000        DCD              RCC_IRQHandler ; RCC
   70 00000058 00000000        DCD              EXTI0_IRQHandler ; EXTI Line 0
   71 0000005C 00000000        DCD              EXTI1_IRQHandler ; EXTI Line 1
   72 00000060 00000000        DCD              EXTI2_IRQHandler ; EXTI Line 2
   73 00000064 00000000        DCD              EXTI3_IRQHandler ; EXTI Line 3
   74 00000068 00000000        DCD              EXTI4_IRQHandler ; EXTI Line 4
   75 0000006C 00000000        DCD              DMAChannel1_IRQHandler 
                                                            ; DMA Channel 1
   76 00000070 00000000        DCD              DMAChannel2_IRQHandler 
                                                            ; DMA Channel 2
   77 00000074 00000000        DCD              DMAChannel3_IRQHandler 
                                                            ; DMA Channel 3
   78 00000078 00000000        DCD              DMAChannel4_IRQHandler 
                                                            ; DMA Channel 4
   79 0000007C 00000000        DCD              DMAChannel5_IRQHandler 
                                                            ; DMA Channel 5
   80 00000080 00000000        DCD              DMAChannel6_IRQHandler 
                                                            ; DMA Channel 6



ARM Macro Assembler    Page 3 


   81 00000084 00000000        DCD              DMAChannel7_IRQHandler 
                                                            ; DMA Channel 7
   82 00000088 00000000        DCD              ADC_IRQHandler ; ADC
   83 0000008C 00000000        DCD              USB_HP_CAN_TX_IRQHandler ; USB 
                                                            High Priority or CA
                                                            N TX
   84 00000090 00000000        DCD              USB_LP_CAN_RX0_IRQHandler ; USB
                                                             Low  Priority or C
                                                            AN RX0
   85 00000094 00000000        DCD              CAN_RX1_IRQHandler ; CAN RX1
   86 00000098 00000000        DCD              CAN_SCE_IRQHandler ; CAN SCE
   87 0000009C 00000000        DCD              EXTI9_5_IRQHandler 
                                                            ; EXTI Line 9..5
   88 000000A0 00000000        DCD              TIM1_BRK_IRQHandler 
                                                            ; TIM1 Break
   89 000000A4 00000000        DCD              TIM1_UP_IRQHandler 
                                                            ; TIM1 Update
   90 000000A8 00000000        DCD              TIM1_TRG_COM_IRQHandler ; TIM1 
                                                            Trigger and Commuta
                                                            tion
   91 000000AC 00000000        DCD              TIM1_CC_IRQHandler ; TIM1 Captu
                                                            re Compare
   92 000000B0 00000000        DCD              TIM2_IRQHandler ; TIM2
   93 000000B4 00000000        DCD              TIM3_IRQHandler ; TIM3
   94 000000B8 00000000        DCD              TIM4_IRQHandler ; TIM4
   95 000000BC 00000000        DCD              I2C1_EV_IRQHandler ; I2C1 Event
                                                            
   96 000000C0 00000000        DCD              I2C1_ER_IRQHandler ; I2C1 Error
                                                            
   97 000000C4 00000000        DCD              I2C2_EV_IRQHandler ; I2C2 Event
                                                            
   98 000000C8 00000000        DCD              I2C2_ER_IRQHandler ; I2C2 Error
                                                            
   99 000000CC 00000000        DCD              SPI1_IRQHandler ; SPI1
  100 000000D0 00000000        DCD              SPI2_IRQHandler ; SPI2
  101 000000D4 00000000        DCD              USART1_IRQHandler ; USART1
  102 000000D8 00000000        DCD              USART2_IRQHandler ; USART2
  103 000000DC 00000000        DCD              USART3_IRQHandler ; USART3
  104 000000E0 00000000        DCD              EXTI15_10_IRQHandler 
                                                            ; EXTI Line 15..10
  105 000000E4 00000000        DCD              RTCAlarm_IRQHandler ; RTC Alarm
                                                             through EXTI Line
  106 000000E8 00000000        DCD              USBWakeUp_IRQHandler ; USB Wake
                                                            up from suspend
  107 000000EC         
  108 000000EC         
  109 000000EC                 AREA             |.text|, CODE, READONLY
  110 00000000         
  111 00000000         
  112 00000000         ; Reset Handler
  113 00000000         
  114 00000000         Reset_Handler
                               PROC
  115 00000000                 EXPORT           Reset_Handler             [WEAK
]
  116 00000000                 IMPORT           __main
  117 00000000         ;+++++++++++++++++++++++++++++++++++++++++++++++++++++++
                       ++++++++++++++++++
  118 00000000 4809            LDR              R0, =0x8003001 



ARM Macro Assembler    Page 4 


                                                            ; adreasa Monitoru
  119 00000002         ; BLX     R0      ; skok na adresu Monitoru
  120 00000002         ;+++++++++++++++++++++++++++++++++++++++++++++++++++++++
                       ++++++++++++++++++ 
  121 00000002 480A            LDR              R0, =__main
  122 00000004 4700            BX               R0
  123 00000006                 ENDP
  124 00000006         
  125 00000006         
  126 00000006         ; Dummy Exception Handlers (infinite loops which can be 
                       modified)                
  127 00000006         
  128 00000006         NMI_Handler
                               PROC
  129 00000006                 EXPORT           NMI_Handler               [WEAK
]
  130 00000006 E7FE            B                .
  131 00000008                 ENDP
  133 00000008         HardFault_Handler
                               PROC
  134 00000008                 EXPORT           HardFault_Handler         [WEAK
]
  135 00000008 E7FE            B                .
  136 0000000A                 ENDP
  138 0000000A         MemManage_Handler
                               PROC
  139 0000000A                 EXPORT           MemManage_Handler         [WEAK
]
  140 0000000A E7FE            B                .
  141 0000000C                 ENDP
  143 0000000C         BusFault_Handler
                               PROC
  144 0000000C                 EXPORT           BusFault_Handler          [WEAK
]
  145 0000000C E7FE            B                .
  146 0000000E                 ENDP
  148 0000000E         UsageFault_Handler
                               PROC
  149 0000000E                 EXPORT           UsageFault_Handler        [WEAK
]
  150 0000000E E7FE            B                .
  151 00000010                 ENDP
  152 00000010         SVC_Handler
                               PROC
  153 00000010                 EXPORT           SVC_Handler               [WEAK
]
  154 00000010 E7FE            B                .
  155 00000012                 ENDP
  157 00000012         DebugMon_Handler
                               PROC
  158 00000012                 EXPORT           DebugMon_Handler          [WEAK
]
  159 00000012 E7FE            B                .
  160 00000014                 ENDP
  161 00000014         PendSV_Handler
                               PROC
  162 00000014                 EXPORT           PendSV_Handler            [WEAK
]
  163 00000014 E7FE            B                .



ARM Macro Assembler    Page 5 


  164 00000016                 ENDP
  165 00000016         SysTick_Handler
                               PROC
  166 00000016                 EXPORT           SysTick_Handler           [WEAK
]
  167 00000016 E7FE            B                .
  168 00000018                 ENDP
  169 00000018         
  170 00000018         Default_Handler
                               PROC
  171 00000018         
  172 00000018                 EXPORT           WWDG_IRQHandler           [WEAK
]
  173 00000018                 EXPORT           PVD_IRQHandler            [WEAK
]
  174 00000018                 EXPORT           TAMPER_IRQHandler         [WEAK
]
  175 00000018                 EXPORT           RTC_IRQHandler            [WEAK
]
  176 00000018                 EXPORT           FLASH_IRQHandler          [WEAK
]
  177 00000018                 EXPORT           RCC_IRQHandler            [WEAK
]
  178 00000018                 EXPORT           EXTI0_IRQHandler          [WEAK
]
  179 00000018                 EXPORT           EXTI1_IRQHandler          [WEAK
]
  180 00000018                 EXPORT           EXTI2_IRQHandler          [WEAK
]
  181 00000018                 EXPORT           EXTI3_IRQHandler          [WEAK
]
  182 00000018                 EXPORT           EXTI4_IRQHandler          [WEAK
]
  183 00000018                 EXPORT           DMAChannel1_IRQHandler    [WEAK
]
  184 00000018                 EXPORT           DMAChannel2_IRQHandler    [WEAK
]
  185 00000018                 EXPORT           DMAChannel3_IRQHandler    [WEAK
]
  186 00000018                 EXPORT           DMAChannel4_IRQHandler    [WEAK
]
  187 00000018                 EXPORT           DMAChannel5_IRQHandler    [WEAK
]
  188 00000018                 EXPORT           DMAChannel6_IRQHandler    [WEAK
]
  189 00000018                 EXPORT           DMAChannel7_IRQHandler    [WEAK
]
  190 00000018                 EXPORT           ADC_IRQHandler            [WEAK
]
  191 00000018                 EXPORT           USB_HP_CAN_TX_IRQHandler  [WEAK
]
  192 00000018                 EXPORT           USB_LP_CAN_RX0_IRQHandler [WEAK
]
  193 00000018                 EXPORT           CAN_RX1_IRQHandler        [WEAK
]
  194 00000018                 EXPORT           CAN_SCE_IRQHandler        [WEAK
]
  195 00000018                 EXPORT           EXTI9_5_IRQHandler        [WEAK
]



ARM Macro Assembler    Page 6 


  196 00000018                 EXPORT           TIM1_BRK_IRQHandler       [WEAK
]
  197 00000018                 EXPORT           TIM1_UP_IRQHandler        [WEAK
]
  198 00000018                 EXPORT           TIM1_TRG_COM_IRQHandler   [WEAK
]
  199 00000018                 EXPORT           TIM1_CC_IRQHandler        [WEAK
]
  200 00000018                 EXPORT           TIM2_IRQHandler           [WEAK
]
  201 00000018                 EXPORT           TIM3_IRQHandler           [WEAK
]
  202 00000018                 EXPORT           TIM4_IRQHandler           [WEAK
]
  203 00000018                 EXPORT           I2C1_EV_IRQHandler        [WEAK
]
  204 00000018                 EXPORT           I2C1_ER_IRQHandler        [WEAK
]
  205 00000018                 EXPORT           I2C2_EV_IRQHandler        [WEAK
]
  206 00000018                 EXPORT           I2C2_ER_IRQHandler        [WEAK
]
  207 00000018                 EXPORT           SPI1_IRQHandler           [WEAK
]
  208 00000018                 EXPORT           SPI2_IRQHandler           [WEAK
]
  209 00000018                 EXPORT           USART1_IRQHandler         [WEAK
]
  210 00000018                 EXPORT           USART2_IRQHandler         [WEAK
]
  211 00000018                 EXPORT           USART3_IRQHandler         [WEAK
]
  212 00000018                 EXPORT           EXTI15_10_IRQHandler      [WEAK
]
  213 00000018                 EXPORT           RTCAlarm_IRQHandler       [WEAK
]
  214 00000018                 EXPORT           USBWakeUp_IRQHandler      [WEAK
]
  215 00000018         
  216 00000018         WWDG_IRQHandler
  217 00000018         PVD_IRQHandler
  218 00000018         TAMPER_IRQHandler
  219 00000018         RTC_IRQHandler
  220 00000018         FLASH_IRQHandler
  221 00000018         RCC_IRQHandler
  222 00000018         EXTI0_IRQHandler
  223 00000018         EXTI1_IRQHandler
  224 00000018         EXTI2_IRQHandler
  225 00000018         EXTI3_IRQHandler
  226 00000018         EXTI4_IRQHandler
  227 00000018         DMAChannel1_IRQHandler
  228 00000018         DMAChannel2_IRQHandler
  229 00000018         DMAChannel3_IRQHandler
  230 00000018         DMAChannel4_IRQHandler
  231 00000018         DMAChannel5_IRQHandler
  232 00000018         DMAChannel6_IRQHandler
  233 00000018         DMAChannel7_IRQHandler
  234 00000018         ADC_IRQHandler
  235 00000018         USB_HP_CAN_TX_IRQHandler



ARM Macro Assembler    Page 7 


  236 00000018         USB_LP_CAN_RX0_IRQHandler
  237 00000018         CAN_RX1_IRQHandler
  238 00000018         CAN_SCE_IRQHandler
  239 00000018         EXTI9_5_IRQHandler
  240 00000018         TIM1_BRK_IRQHandler
  241 00000018         TIM1_UP_IRQHandler
  242 00000018         TIM1_TRG_COM_IRQHandler
  243 00000018         TIM1_CC_IRQHandler
  244 00000018         TIM2_IRQHandler
  245 00000018         TIM3_IRQHandler
  246 00000018         TIM4_IRQHandler
  247 00000018         I2C1_EV_IRQHandler
  248 00000018         I2C1_ER_IRQHandler
  249 00000018         I2C2_EV_IRQHandler
  250 00000018         I2C2_ER_IRQHandler
  251 00000018         SPI1_IRQHandler
  252 00000018         SPI2_IRQHandler
  253 00000018         USART1_IRQHandler
  254 00000018         USART2_IRQHandler
  255 00000018         USART3_IRQHandler
  256 00000018         EXTI15_10_IRQHandler
  257 00000018         RTCAlarm_IRQHandler
  258 00000018         USBWakeUp_IRQHandler
  259 00000018         
  260 00000018 E7FE            B                .
  261 0000001A         
  262 0000001A                 ENDP
  263 0000001A         
  264 0000001A         
  265 0000001A 00 00           ALIGN
  266 0000001C         
  267 0000001C         
  268 0000001C         ; User Initial Stack & Heap
  269 0000001C         
  270 0000001C                 IF               :DEF:__MICROLIB
  277 0000001C         
  278 0000001C                 IMPORT           __use_two_region_memory
  279 0000001C                 EXPORT           __user_initial_stackheap
  280 0000001C         __user_initial_stackheap
  281 0000001C         
  282 0000001C 4804            LDR              R0, =  Heap_Mem
  283 0000001E 4905            LDR              R1, =(Stack_Mem + Stack_Size)
  284 00000020 4A03            LDR              R2, = (Heap_Mem +  Heap_Size)
  285 00000022 4B05            LDR              R3, = Stack_Mem
  286 00000024 4770            BX               LR
  287 00000026         
  288 00000026 00 00           ALIGN
  289 00000028         
  290 00000028                 ENDIF
  291 00000028         
  292 00000028         
  293 00000028                 END
              08003001 
              00000000 
              00000000 
              00000200 
              00000000 
Command Line: --debug --xref --cpu=Cortex-M3 --apcs=interwork --depend=.\stm32f
10x.d -o.\stm32f10x.o -IC:\Keil\ARM\RV31\INC -IC:\Keil\ARM\CMSIS\Include -IC:\K



ARM Macro Assembler    Page 8 


eil\ARM\Inc\ST\STM32F10x --predefine="__EVAL SETA 1" --list=.\stm32f10x.lst STM
32F10x.s



ARM Macro Assembler    Page 1 Alphabetic symbol ordering
Relocatable symbols

STACK 00000000

Symbol: STACK
   Definitions
      At line 20 in file STM32F10x.s
   Uses
      None
Comment: STACK unused
Stack_Mem 00000000

Symbol: Stack_Mem
   Definitions
      At line 21 in file STM32F10x.s
   Uses
      At line 283 in file STM32F10x.s
      At line 285 in file STM32F10x.s

__initial_sp 00000200

Symbol: __initial_sp
   Definitions
      At line 22 in file STM32F10x.s
   Uses
      At line 46 in file STM32F10x.s
Comment: __initial_sp used once
3 symbols



ARM Macro Assembler    Page 1 Alphabetic symbol ordering
Relocatable symbols

HEAP 00000000

Symbol: HEAP
   Definitions
      At line 31 in file STM32F10x.s
   Uses
      None
Comment: HEAP unused
Heap_Mem 00000000

Symbol: Heap_Mem
   Definitions
      At line 33 in file STM32F10x.s
   Uses
      At line 282 in file STM32F10x.s
      At line 284 in file STM32F10x.s

__heap_base 00000000

Symbol: __heap_base
   Definitions
      At line 32 in file STM32F10x.s
   Uses
      None
Comment: __heap_base unused
__heap_limit 00000000

Symbol: __heap_limit
   Definitions
      At line 34 in file STM32F10x.s
   Uses
      None
Comment: __heap_limit unused
4 symbols



ARM Macro Assembler    Page 1 Alphabetic symbol ordering
Relocatable symbols

RESET 00000000

Symbol: RESET
   Definitions
      At line 43 in file STM32F10x.s
   Uses
      None
Comment: RESET unused
__Vectors 00000000

Symbol: __Vectors
   Definitions
      At line 46 in file STM32F10x.s
   Uses
      At line 44 in file STM32F10x.s
Comment: __Vectors used once
2 symbols



ARM Macro Assembler    Page 1 Alphabetic symbol ordering
Relocatable symbols

.text 00000000

Symbol: .text
   Definitions
      At line 109 in file STM32F10x.s
   Uses
      None
Comment: .text unused
ADC_IRQHandler 00000018

Symbol: ADC_IRQHandler
   Definitions
      At line 234 in file STM32F10x.s
   Uses
      At line 82 in file STM32F10x.s
      At line 190 in file STM32F10x.s

BusFault_Handler 0000000C

Symbol: BusFault_Handler
   Definitions
      At line 143 in file STM32F10x.s
   Uses
      At line 51 in file STM32F10x.s
      At line 144 in file STM32F10x.s

CAN_RX1_IRQHandler 00000018

Symbol: CAN_RX1_IRQHandler
   Definitions
      At line 237 in file STM32F10x.s
   Uses
      At line 85 in file STM32F10x.s
      At line 193 in file STM32F10x.s

CAN_SCE_IRQHandler 00000018

Symbol: CAN_SCE_IRQHandler
   Definitions
      At line 238 in file STM32F10x.s
   Uses
      At line 86 in file STM32F10x.s
      At line 194 in file STM32F10x.s

DMAChannel1_IRQHandler 00000018

Symbol: DMAChannel1_IRQHandler
   Definitions
      At line 227 in file STM32F10x.s
   Uses
      At line 75 in file STM32F10x.s
      At line 183 in file STM32F10x.s

DMAChannel2_IRQHandler 00000018

Symbol: DMAChannel2_IRQHandler
   Definitions
      At line 228 in file STM32F10x.s
   Uses



ARM Macro Assembler    Page 2 Alphabetic symbol ordering
Relocatable symbols

      At line 76 in file STM32F10x.s
      At line 184 in file STM32F10x.s

DMAChannel3_IRQHandler 00000018

Symbol: DMAChannel3_IRQHandler
   Definitions
      At line 229 in file STM32F10x.s
   Uses
      At line 77 in file STM32F10x.s
      At line 185 in file STM32F10x.s

DMAChannel4_IRQHandler 00000018

Symbol: DMAChannel4_IRQHandler
   Definitions
      At line 230 in file STM32F10x.s
   Uses
      At line 78 in file STM32F10x.s
      At line 186 in file STM32F10x.s

DMAChannel5_IRQHandler 00000018

Symbol: DMAChannel5_IRQHandler
   Definitions
      At line 231 in file STM32F10x.s
   Uses
      At line 79 in file STM32F10x.s
      At line 187 in file STM32F10x.s

DMAChannel6_IRQHandler 00000018

Symbol: DMAChannel6_IRQHandler
   Definitions
      At line 232 in file STM32F10x.s
   Uses
      At line 80 in file STM32F10x.s
      At line 188 in file STM32F10x.s

DMAChannel7_IRQHandler 00000018

Symbol: DMAChannel7_IRQHandler
   Definitions
      At line 233 in file STM32F10x.s
   Uses
      At line 81 in file STM32F10x.s
      At line 189 in file STM32F10x.s

DebugMon_Handler 00000012

Symbol: DebugMon_Handler
   Definitions
      At line 157 in file STM32F10x.s
   Uses
      At line 58 in file STM32F10x.s
      At line 158 in file STM32F10x.s

Default_Handler 00000018




ARM Macro Assembler    Page 3 Alphabetic symbol ordering
Relocatable symbols

Symbol: Default_Handler
   Definitions
      At line 170 in file STM32F10x.s
   Uses
      None
Comment: Default_Handler unused
EXTI0_IRQHandler 00000018

Symbol: EXTI0_IRQHandler
   Definitions
      At line 222 in file STM32F10x.s
   Uses
      At line 70 in file STM32F10x.s
      At line 178 in file STM32F10x.s

EXTI15_10_IRQHandler 00000018

Symbol: EXTI15_10_IRQHandler
   Definitions
      At line 256 in file STM32F10x.s
   Uses
      At line 104 in file STM32F10x.s
      At line 212 in file STM32F10x.s

EXTI1_IRQHandler 00000018

Symbol: EXTI1_IRQHandler
   Definitions
      At line 223 in file STM32F10x.s
   Uses
      At line 71 in file STM32F10x.s
      At line 179 in file STM32F10x.s

EXTI2_IRQHandler 00000018

Symbol: EXTI2_IRQHandler
   Definitions
      At line 224 in file STM32F10x.s
   Uses
      At line 72 in file STM32F10x.s
      At line 180 in file STM32F10x.s

EXTI3_IRQHandler 00000018

Symbol: EXTI3_IRQHandler
   Definitions
      At line 225 in file STM32F10x.s
   Uses
      At line 73 in file STM32F10x.s
      At line 181 in file STM32F10x.s

EXTI4_IRQHandler 00000018

Symbol: EXTI4_IRQHandler
   Definitions
      At line 226 in file STM32F10x.s
   Uses
      At line 74 in file STM32F10x.s
      At line 182 in file STM32F10x.s



ARM Macro Assembler    Page 4 Alphabetic symbol ordering
Relocatable symbols


EXTI9_5_IRQHandler 00000018

Symbol: EXTI9_5_IRQHandler
   Definitions
      At line 239 in file STM32F10x.s
   Uses
      At line 87 in file STM32F10x.s
      At line 195 in file STM32F10x.s

FLASH_IRQHandler 00000018

Symbol: FLASH_IRQHandler
   Definitions
      At line 220 in file STM32F10x.s
   Uses
      At line 68 in file STM32F10x.s
      At line 176 in file STM32F10x.s

HardFault_Handler 00000008

Symbol: HardFault_Handler
   Definitions
      At line 133 in file STM32F10x.s
   Uses
      At line 49 in file STM32F10x.s
      At line 134 in file STM32F10x.s

I2C1_ER_IRQHandler 00000018

Symbol: I2C1_ER_IRQHandler
   Definitions
      At line 248 in file STM32F10x.s
   Uses
      At line 96 in file STM32F10x.s
      At line 204 in file STM32F10x.s

I2C1_EV_IRQHandler 00000018

Symbol: I2C1_EV_IRQHandler
   Definitions
      At line 247 in file STM32F10x.s
   Uses
      At line 95 in file STM32F10x.s
      At line 203 in file STM32F10x.s

I2C2_ER_IRQHandler 00000018

Symbol: I2C2_ER_IRQHandler
   Definitions
      At line 250 in file STM32F10x.s
   Uses
      At line 98 in file STM32F10x.s
      At line 206 in file STM32F10x.s

I2C2_EV_IRQHandler 00000018

Symbol: I2C2_EV_IRQHandler
   Definitions



ARM Macro Assembler    Page 5 Alphabetic symbol ordering
Relocatable symbols

      At line 249 in file STM32F10x.s
   Uses
      At line 97 in file STM32F10x.s
      At line 205 in file STM32F10x.s

MemManage_Handler 0000000A

Symbol: MemManage_Handler
   Definitions
      At line 138 in file STM32F10x.s
   Uses
      At line 50 in file STM32F10x.s
      At line 139 in file STM32F10x.s

NMI_Handler 00000006

Symbol: NMI_Handler
   Definitions
      At line 128 in file STM32F10x.s
   Uses
      At line 48 in file STM32F10x.s
      At line 129 in file STM32F10x.s

PVD_IRQHandler 00000018

Symbol: PVD_IRQHandler
   Definitions
      At line 217 in file STM32F10x.s
   Uses
      At line 65 in file STM32F10x.s
      At line 173 in file STM32F10x.s

PendSV_Handler 00000014

Symbol: PendSV_Handler
   Definitions
      At line 161 in file STM32F10x.s
   Uses
      At line 60 in file STM32F10x.s
      At line 162 in file STM32F10x.s

RCC_IRQHandler 00000018

Symbol: RCC_IRQHandler
   Definitions
      At line 221 in file STM32F10x.s
   Uses
      At line 69 in file STM32F10x.s
      At line 177 in file STM32F10x.s

RTCAlarm_IRQHandler 00000018

Symbol: RTCAlarm_IRQHandler
   Definitions
      At line 257 in file STM32F10x.s
   Uses
      At line 105 in file STM32F10x.s
      At line 213 in file STM32F10x.s




ARM Macro Assembler    Page 6 Alphabetic symbol ordering
Relocatable symbols

RTC_IRQHandler 00000018

Symbol: RTC_IRQHandler
   Definitions
      At line 219 in file STM32F10x.s
   Uses
      At line 67 in file STM32F10x.s
      At line 175 in file STM32F10x.s

Reset_Handler 00000000

Symbol: Reset_Handler
   Definitions
      At line 114 in file STM32F10x.s
   Uses
      At line 47 in file STM32F10x.s
      At line 115 in file STM32F10x.s

SPI1_IRQHandler 00000018

Symbol: SPI1_IRQHandler
   Definitions
      At line 251 in file STM32F10x.s
   Uses
      At line 99 in file STM32F10x.s
      At line 207 in file STM32F10x.s

SPI2_IRQHandler 00000018

Symbol: SPI2_IRQHandler
   Definitions
      At line 252 in file STM32F10x.s
   Uses
      At line 100 in file STM32F10x.s
      At line 208 in file STM32F10x.s

SVC_Handler 00000010

Symbol: SVC_Handler
   Definitions
      At line 152 in file STM32F10x.s
   Uses
      At line 57 in file STM32F10x.s
      At line 153 in file STM32F10x.s

SysTick_Handler 00000016

Symbol: SysTick_Handler
   Definitions
      At line 165 in file STM32F10x.s
   Uses
      At line 61 in file STM32F10x.s
      At line 166 in file STM32F10x.s

TAMPER_IRQHandler 00000018

Symbol: TAMPER_IRQHandler
   Definitions
      At line 218 in file STM32F10x.s



ARM Macro Assembler    Page 7 Alphabetic symbol ordering
Relocatable symbols

   Uses
      At line 66 in file STM32F10x.s
      At line 174 in file STM32F10x.s

TIM1_BRK_IRQHandler 00000018

Symbol: TIM1_BRK_IRQHandler
   Definitions
      At line 240 in file STM32F10x.s
   Uses
      At line 88 in file STM32F10x.s
      At line 196 in file STM32F10x.s

TIM1_CC_IRQHandler 00000018

Symbol: TIM1_CC_IRQHandler
   Definitions
      At line 243 in file STM32F10x.s
   Uses
      At line 91 in file STM32F10x.s
      At line 199 in file STM32F10x.s

TIM1_TRG_COM_IRQHandler 00000018

Symbol: TIM1_TRG_COM_IRQHandler
   Definitions
      At line 242 in file STM32F10x.s
   Uses
      At line 90 in file STM32F10x.s
      At line 198 in file STM32F10x.s

TIM1_UP_IRQHandler 00000018

Symbol: TIM1_UP_IRQHandler
   Definitions
      At line 241 in file STM32F10x.s
   Uses
      At line 89 in file STM32F10x.s
      At line 197 in file STM32F10x.s

TIM2_IRQHandler 00000018

Symbol: TIM2_IRQHandler
   Definitions
      At line 244 in file STM32F10x.s
   Uses
      At line 92 in file STM32F10x.s
      At line 200 in file STM32F10x.s

TIM3_IRQHandler 00000018

Symbol: TIM3_IRQHandler
   Definitions
      At line 245 in file STM32F10x.s
   Uses
      At line 93 in file STM32F10x.s
      At line 201 in file STM32F10x.s

TIM4_IRQHandler 00000018



ARM Macro Assembler    Page 8 Alphabetic symbol ordering
Relocatable symbols


Symbol: TIM4_IRQHandler
   Definitions
      At line 246 in file STM32F10x.s
   Uses
      At line 94 in file STM32F10x.s
      At line 202 in file STM32F10x.s

USART1_IRQHandler 00000018

Symbol: USART1_IRQHandler
   Definitions
      At line 253 in file STM32F10x.s
   Uses
      At line 101 in file STM32F10x.s
      At line 209 in file STM32F10x.s

USART2_IRQHandler 00000018

Symbol: USART2_IRQHandler
   Definitions
      At line 254 in file STM32F10x.s
   Uses
      At line 102 in file STM32F10x.s
      At line 210 in file STM32F10x.s

USART3_IRQHandler 00000018

Symbol: USART3_IRQHandler
   Definitions
      At line 255 in file STM32F10x.s
   Uses
      At line 103 in file STM32F10x.s
      At line 211 in file STM32F10x.s

USBWakeUp_IRQHandler 00000018

Symbol: USBWakeUp_IRQHandler
   Definitions
      At line 258 in file STM32F10x.s
   Uses
      At line 106 in file STM32F10x.s
      At line 214 in file STM32F10x.s

USB_HP_CAN_TX_IRQHandler 00000018

Symbol: USB_HP_CAN_TX_IRQHandler
   Definitions
      At line 235 in file STM32F10x.s
   Uses
      At line 83 in file STM32F10x.s
      At line 191 in file STM32F10x.s

USB_LP_CAN_RX0_IRQHandler 00000018

Symbol: USB_LP_CAN_RX0_IRQHandler
   Definitions
      At line 236 in file STM32F10x.s
   Uses



ARM Macro Assembler    Page 9 Alphabetic symbol ordering
Relocatable symbols

      At line 84 in file STM32F10x.s
      At line 192 in file STM32F10x.s

UsageFault_Handler 0000000E

Symbol: UsageFault_Handler
   Definitions
      At line 148 in file STM32F10x.s
   Uses
      At line 52 in file STM32F10x.s
      At line 149 in file STM32F10x.s

WWDG_IRQHandler 00000018

Symbol: WWDG_IRQHandler
   Definitions
      At line 216 in file STM32F10x.s
   Uses
      At line 64 in file STM32F10x.s
      At line 172 in file STM32F10x.s

__user_initial_stackheap 0000001C

Symbol: __user_initial_stackheap
   Definitions
      At line 280 in file STM32F10x.s
   Uses
      At line 279 in file STM32F10x.s
Comment: __user_initial_stackheap used once
56 symbols



ARM Macro Assembler    Page 1 Alphabetic symbol ordering
Absolute symbols

Heap_Size 00000000

Symbol: Heap_Size
   Definitions
      At line 29 in file STM32F10x.s
   Uses
      At line 33 in file STM32F10x.s
      At line 284 in file STM32F10x.s

Stack_Size 00000200

Symbol: Stack_Size
   Definitions
      At line 18 in file STM32F10x.s
   Uses
      At line 21 in file STM32F10x.s
      At line 283 in file STM32F10x.s

2 symbols



ARM Macro Assembler    Page 1 Alphabetic symbol ordering
External symbols

__main 00000000

Symbol: __main
   Definitions
      At line 116 in file STM32F10x.s
   Uses
      At line 121 in file STM32F10x.s
Comment: __main used once
__use_two_region_memory 00000000

Symbol: __use_two_region_memory
   Definitions
      At line 278 in file STM32F10x.s
   Uses
      None
Comment: __use_two_region_memory unused
2 symbols
404 symbols in table
